[2024-01-15 11:19:57 [32mINFO [0;39m restartedMain] [com.greengram.greengram4.Greengram4Application] [36mStarting Greengram4Application using Java 17.0.8.1 with PID 3100 (D:\greengram4\build\classes\java\main started by Administrator in D:\greengram4)[0;39m
[2024-01-15 11:19:57 [32mINFO [0;39m restartedMain] [com.greengram.greengram4.Greengram4Application] [36mNo active profile set, falling back to 1 default profile: "default"[0;39m
[2024-01-15 11:19:57 [32mINFO [0;39m restartedMain] [org.springframework.boot.devtools.env.DevToolsPropertyDefaultsPostProcessor] [36mDevtools property defaults active! Set 'spring.devtools.add-properties' to 'false' to disable[0;39m
[2024-01-15 11:19:57 [32mINFO [0;39m restartedMain] [org.springframework.boot.devtools.env.DevToolsPropertyDefaultsPostProcessor] [36mFor additional web related logging consider setting the 'logging.level.web' property to 'DEBUG'[0;39m
[2024-01-15 11:19:58 [32mINFO [0;39m restartedMain] [org.springframework.boot.web.embedded.tomcat.TomcatWebServer] [36mTomcat initialized with port 8080 (http)[0;39m
[2024-01-15 11:19:58 [32mINFO [0;39m restartedMain] [org.apache.coyote.http11.Http11NioProtocol] [36mInitializing ProtocolHandler ["http-nio-8080"][0;39m
[2024-01-15 11:19:58 [32mINFO [0;39m restartedMain] [org.apache.catalina.core.StandardService] [36mStarting service [Tomcat][0;39m
[2024-01-15 11:19:58 [32mINFO [0;39m restartedMain] [org.apache.catalina.core.StandardEngine] [36mStarting Servlet engine: [Apache Tomcat/10.1.17][0;39m
[2024-01-15 11:19:58 [32mINFO [0;39m restartedMain] [org.apache.catalina.core.ContainerBase.[Tomcat].[localhost].[/]] [36mInitializing Spring embedded WebApplicationContext[0;39m
[2024-01-15 11:19:58 [32mINFO [0;39m restartedMain] [org.springframework.boot.web.servlet.context.ServletWebServerApplicationContext] [36mRoot WebApplicationContext: initialization completed in 1057 ms[0;39m
[2024-01-15 11:19:58 [32mINFO [0;39m restartedMain] [com.greengram.greengram4.common.FirevasConfiguration] [36mFirebaseApp Initialization Complete !!![0;39m
[2024-01-15 11:19:58 [33mWARN [0;39m restartedMain] [org.springframework.boot.autoconfigure.security.servlet.UserDetailsServiceAutoConfiguration] [36m

Using generated security password: 103d8b81-d836-47b2-b983-cc83cd982004

This generated password is for development use only. Your security configuration must be updated before running your application in production.
[0;39m
[2024-01-15 11:19:59 [32mINFO [0;39m restartedMain] [org.springframework.boot.autoconfigure.web.servlet.WelcomePageHandlerMapping] [36mAdding welcome page: class path resource [static/index.html][0;39m
[2024-01-15 11:19:59 [32mINFO [0;39m restartedMain] [org.springframework.security.web.DefaultSecurityFilterChain] [36mWill secure any request with [org.springframework.security.web.session.DisableEncodeUrlFilter@cc4125b, org.springframework.security.web.context.request.async.WebAsyncManagerIntegrationFilter@2a4e55d8, org.springframework.security.web.context.SecurityContextHolderFilter@dd2d0c6, org.springframework.security.web.header.HeaderWriterFilter@33fde8f6, org.springframework.web.filter.CorsFilter@6d3a9e17, org.springframework.security.web.authentication.logout.LogoutFilter@3dd641ca, com.greengram.greengram4.security.JwtAuthenticationFilter@4b039e65, org.springframework.security.web.savedrequest.RequestCacheAwareFilter@3366bafa, org.springframework.security.web.servletapi.SecurityContextHolderAwareRequestFilter@111cc452, org.springframework.security.web.authentication.AnonymousAuthenticationFilter@6f66e682, org.springframework.security.web.session.SessionManagementFilter@61c2cc25, org.springframework.security.web.access.ExceptionTranslationFilter@578dc0ff, org.springframework.security.web.access.intercept.AuthorizationFilter@5dbf7261][0;39m
[2024-01-15 11:19:59 [32mINFO [0;39m restartedMain] [org.springframework.boot.devtools.autoconfigure.OptionalLiveReloadServer] [36mLiveReload server is running on port 35729[0;39m
[2024-01-15 11:19:59 [32mINFO [0;39m restartedMain] [org.apache.coyote.http11.Http11NioProtocol] [36mStarting ProtocolHandler ["http-nio-8080"][0;39m
[2024-01-15 11:19:59 [32mINFO [0;39m restartedMain] [org.springframework.boot.web.embedded.tomcat.TomcatWebServer] [36mTomcat started on port 8080 (http) with context path ''[0;39m
[2024-01-15 11:19:59 [32mINFO [0;39m restartedMain] [com.greengram.greengram4.Greengram4Application] [36mStarted Greengram4Application in 2.261 seconds (process running for 2.725)[0;39m
[2024-01-15 11:36:46 [32mINFO [0;39m File Watcher] [org.springframework.boot.devtools.autoconfigure.LocalDevToolsAutoConfiguration$RestartingClassPathChangeChangedEventListener] [36mRestarting due to 3 class path changes (0 additions, 0 deletions, 3 modifications)[0;39m
[2024-01-15 11:36:46 [32mINFO [0;39m Thread-5] [org.apache.coyote.http11.Http11NioProtocol] [36mStopping ProtocolHandler ["http-nio-8080"][0;39m
[2024-01-15 11:36:46 [32mINFO [0;39m restartedMain] [com.greengram.greengram4.Greengram4Application] [36mStarting Greengram4Application using Java 17.0.8.1 with PID 3100 (D:\greengram4\build\classes\java\main started by Administrator in D:\greengram4)[0;39m
[2024-01-15 11:36:46 [32mINFO [0;39m restartedMain] [com.greengram.greengram4.Greengram4Application] [36mNo active profile set, falling back to 1 default profile: "default"[0;39m
[2024-01-15 11:36:47 [32mINFO [0;39m restartedMain] [org.springframework.boot.web.embedded.tomcat.TomcatWebServer] [36mTomcat initialized with port 8080 (http)[0;39m
[2024-01-15 11:36:47 [32mINFO [0;39m restartedMain] [org.apache.coyote.http11.Http11NioProtocol] [36mInitializing ProtocolHandler ["http-nio-8080"][0;39m
[2024-01-15 11:36:47 [32mINFO [0;39m restartedMain] [org.apache.catalina.core.StandardService] [36mStarting service [Tomcat][0;39m
[2024-01-15 11:36:47 [32mINFO [0;39m restartedMain] [org.apache.catalina.core.StandardEngine] [36mStarting Servlet engine: [Apache Tomcat/10.1.17][0;39m
[2024-01-15 11:36:47 [32mINFO [0;39m restartedMain] [org.apache.catalina.core.ContainerBase.[Tomcat].[localhost].[/]] [36mInitializing Spring embedded WebApplicationContext[0;39m
[2024-01-15 11:36:47 [32mINFO [0;39m restartedMain] [org.springframework.boot.web.servlet.context.ServletWebServerApplicationContext] [36mRoot WebApplicationContext: initialization completed in 320 ms[0;39m
[2024-01-15 11:36:47 [33mWARN [0;39m restartedMain] [org.springframework.boot.autoconfigure.security.servlet.UserDetailsServiceAutoConfiguration] [36m

Using generated security password: b2d56971-4b83-4839-817f-05197d500072

This generated password is for development use only. Your security configuration must be updated before running your application in production.
[0;39m
[2024-01-15 11:36:47 [32mINFO [0;39m restartedMain] [org.springframework.boot.autoconfigure.web.servlet.WelcomePageHandlerMapping] [36mAdding welcome page: class path resource [static/index.html][0;39m
[2024-01-15 11:36:47 [32mINFO [0;39m restartedMain] [org.springframework.security.web.DefaultSecurityFilterChain] [36mWill secure any request with [org.springframework.security.web.session.DisableEncodeUrlFilter@3352d027, org.springframework.security.web.context.request.async.WebAsyncManagerIntegrationFilter@24bee8ec, org.springframework.security.web.context.SecurityContextHolderFilter@5a00f204, org.springframework.security.web.header.HeaderWriterFilter@110b3ed7, org.springframework.web.filter.CorsFilter@85e530c, org.springframework.security.web.authentication.logout.LogoutFilter@2c7af79a, com.greengram.greengram4.security.JwtAuthenticationFilter@3c5ab22f, org.springframework.security.web.savedrequest.RequestCacheAwareFilter@7f15aa31, org.springframework.security.web.servletapi.SecurityContextHolderAwareRequestFilter@3720de82, org.springframework.security.web.authentication.AnonymousAuthenticationFilter@30b0bb4b, org.springframework.security.web.session.SessionManagementFilter@79fdad05, org.springframework.security.web.access.ExceptionTranslationFilter@63a8d316, org.springframework.security.web.access.intercept.AuthorizationFilter@516d3763][0;39m
[2024-01-15 11:36:47 [32mINFO [0;39m restartedMain] [org.springframework.boot.devtools.autoconfigure.OptionalLiveReloadServer] [36mLiveReload server is running on port 35729[0;39m
[2024-01-15 11:36:47 [32mINFO [0;39m restartedMain] [org.apache.coyote.http11.Http11NioProtocol] [36mStarting ProtocolHandler ["http-nio-8080"][0;39m
[2024-01-15 11:36:47 [32mINFO [0;39m restartedMain] [org.springframework.boot.web.embedded.tomcat.TomcatWebServer] [36mTomcat started on port 8080 (http) with context path ''[0;39m
[2024-01-15 11:36:47 [32mINFO [0;39m restartedMain] [com.greengram.greengram4.Greengram4Application] [36mStarted Greengram4Application in 0.572 seconds (process running for 1010.905)[0;39m
[2024-01-15 11:36:47 [32mINFO [0;39m restartedMain] [org.springframework.boot.devtools.autoconfigure.ConditionEvaluationDeltaLoggingListener] [36mCondition evaluation unchanged[0;39m
[2024-01-15 11:37:46 [32mINFO [0;39m restartedMain] [com.greengram.greengram4.Greengram4Application] [36mStarting Greengram4Application using Java 17.0.8.1 with PID 184 (D:\greengram4\build\classes\java\main started by Administrator in D:\greengram4)[0;39m
[2024-01-15 11:37:46 [32mINFO [0;39m restartedMain] [com.greengram.greengram4.Greengram4Application] [36mNo active profile set, falling back to 1 default profile: "default"[0;39m
[2024-01-15 11:37:46 [32mINFO [0;39m restartedMain] [org.springframework.boot.devtools.env.DevToolsPropertyDefaultsPostProcessor] [36mDevtools property defaults active! Set 'spring.devtools.add-properties' to 'false' to disable[0;39m
[2024-01-15 11:37:46 [32mINFO [0;39m restartedMain] [org.springframework.boot.devtools.env.DevToolsPropertyDefaultsPostProcessor] [36mFor additional web related logging consider setting the 'logging.level.web' property to 'DEBUG'[0;39m
[2024-01-15 11:37:47 [32mINFO [0;39m restartedMain] [org.springframework.boot.web.embedded.tomcat.TomcatWebServer] [36mTomcat initialized with port 8080 (http)[0;39m
[2024-01-15 11:37:47 [32mINFO [0;39m restartedMain] [org.apache.coyote.http11.Http11NioProtocol] [36mInitializing ProtocolHandler ["http-nio-8080"][0;39m
[2024-01-15 11:37:47 [32mINFO [0;39m restartedMain] [org.apache.catalina.core.StandardService] [36mStarting service [Tomcat][0;39m
[2024-01-15 11:37:47 [32mINFO [0;39m restartedMain] [org.apache.catalina.core.StandardEngine] [36mStarting Servlet engine: [Apache Tomcat/10.1.17][0;39m
[2024-01-15 11:37:47 [32mINFO [0;39m restartedMain] [org.apache.catalina.core.ContainerBase.[Tomcat].[localhost].[/]] [36mInitializing Spring embedded WebApplicationContext[0;39m
[2024-01-15 11:37:47 [32mINFO [0;39m restartedMain] [org.springframework.boot.web.servlet.context.ServletWebServerApplicationContext] [36mRoot WebApplicationContext: initialization completed in 937 ms[0;39m
[2024-01-15 11:37:47 [32mINFO [0;39m restartedMain] [com.greengram.greengram4.common.FirevasConfiguration] [36mFirebaseApp Initialization Complete !!![0;39m
[2024-01-15 11:37:47 [33mWARN [0;39m restartedMain] [org.springframework.boot.autoconfigure.security.servlet.UserDetailsServiceAutoConfiguration] [36m

Using generated security password: 8105139a-ce54-4c77-8f07-e1de043d2cec

This generated password is for development use only. Your security configuration must be updated before running your application in production.
[0;39m
[2024-01-15 11:37:47 [32mINFO [0;39m restartedMain] [org.springframework.boot.autoconfigure.web.servlet.WelcomePageHandlerMapping] [36mAdding welcome page: class path resource [static/index.html][0;39m
[2024-01-15 11:37:47 [32mINFO [0;39m restartedMain] [org.springframework.security.web.DefaultSecurityFilterChain] [36mWill secure any request with [org.springframework.security.web.session.DisableEncodeUrlFilter@677fdc16, org.springframework.security.web.context.request.async.WebAsyncManagerIntegrationFilter@5dbf7261, org.springframework.security.web.context.SecurityContextHolderFilter@587165ec, org.springframework.security.web.header.HeaderWriterFilter@5d28d0fd, org.springframework.web.filter.CorsFilter@229ca5fb, org.springframework.security.web.authentication.logout.LogoutFilter@23ddbba1, com.greengram.greengram4.security.JwtAuthenticationFilter@5582f9a, org.springframework.security.web.savedrequest.RequestCacheAwareFilter@2b9720d, org.springframework.security.web.servletapi.SecurityContextHolderAwareRequestFilter@5edf90f4, org.springframework.security.web.authentication.AnonymousAuthenticationFilter@1542f389, org.springframework.security.web.session.SessionManagementFilter@578dc0ff, org.springframework.security.web.access.ExceptionTranslationFilter@33024dab, org.springframework.security.web.access.intercept.AuthorizationFilter@78384850][0;39m
[2024-01-15 11:37:48 [32mINFO [0;39m restartedMain] [org.springframework.boot.devtools.autoconfigure.OptionalLiveReloadServer] [36mLiveReload server is running on port 35729[0;39m
[2024-01-15 11:37:48 [32mINFO [0;39m restartedMain] [org.apache.coyote.http11.Http11NioProtocol] [36mStarting ProtocolHandler ["http-nio-8080"][0;39m
[2024-01-15 11:37:48 [32mINFO [0;39m restartedMain] [org.springframework.boot.web.embedded.tomcat.TomcatWebServer] [36mTomcat started on port 8080 (http) with context path ''[0;39m
[2024-01-15 11:37:48 [32mINFO [0;39m restartedMain] [com.greengram.greengram4.Greengram4Application] [36mStarted Greengram4Application in 2.025 seconds (process running for 2.45)[0;39m
[2024-01-15 11:37:57 [32mINFO [0;39m restartedMain] [com.greengram.greengram4.Greengram4Application] [36mStarting Greengram4Application using Java 17.0.8.1 with PID 11648 (D:\greengram4\build\classes\java\main started by Administrator in D:\greengram4)[0;39m
[2024-01-15 11:37:57 [32mINFO [0;39m restartedMain] [com.greengram.greengram4.Greengram4Application] [36mNo active profile set, falling back to 1 default profile: "default"[0;39m
[2024-01-15 11:37:57 [32mINFO [0;39m restartedMain] [org.springframework.boot.devtools.env.DevToolsPropertyDefaultsPostProcessor] [36mDevtools property defaults active! Set 'spring.devtools.add-properties' to 'false' to disable[0;39m
[2024-01-15 11:37:57 [32mINFO [0;39m restartedMain] [org.springframework.boot.devtools.env.DevToolsPropertyDefaultsPostProcessor] [36mFor additional web related logging consider setting the 'logging.level.web' property to 'DEBUG'[0;39m
[2024-01-15 11:37:58 [32mINFO [0;39m restartedMain] [org.springframework.boot.web.embedded.tomcat.TomcatWebServer] [36mTomcat initialized with port 8080 (http)[0;39m
[2024-01-15 11:37:58 [32mINFO [0;39m restartedMain] [org.apache.coyote.http11.Http11NioProtocol] [36mInitializing ProtocolHandler ["http-nio-8080"][0;39m
[2024-01-15 11:37:58 [32mINFO [0;39m restartedMain] [org.apache.catalina.core.StandardService] [36mStarting service [Tomcat][0;39m
[2024-01-15 11:37:58 [32mINFO [0;39m restartedMain] [org.apache.catalina.core.StandardEngine] [36mStarting Servlet engine: [Apache Tomcat/10.1.17][0;39m
[2024-01-15 11:37:58 [32mINFO [0;39m restartedMain] [org.apache.catalina.core.ContainerBase.[Tomcat].[localhost].[/]] [36mInitializing Spring embedded WebApplicationContext[0;39m
[2024-01-15 11:37:58 [32mINFO [0;39m restartedMain] [org.springframework.boot.web.servlet.context.ServletWebServerApplicationContext] [36mRoot WebApplicationContext: initialization completed in 1025 ms[0;39m
[2024-01-15 11:37:58 [32mINFO [0;39m restartedMain] [com.greengram.greengram4.common.FirevasConfiguration] [36mFirebaseApp Initialization Complete !!![0;39m
[2024-01-15 11:37:58 [33mWARN [0;39m restartedMain] [org.springframework.boot.autoconfigure.security.servlet.UserDetailsServiceAutoConfiguration] [36m

Using generated security password: a66d3fcc-b556-491b-9a48-850c4118bdb4

This generated password is for development use only. Your security configuration must be updated before running your application in production.
[0;39m
[2024-01-15 11:37:58 [32mINFO [0;39m restartedMain] [org.springframework.boot.autoconfigure.web.servlet.WelcomePageHandlerMapping] [36mAdding welcome page: class path resource [static/index.html][0;39m
[2024-01-15 11:37:58 [32mINFO [0;39m restartedMain] [org.springframework.security.web.DefaultSecurityFilterChain] [36mWill secure any request with [org.springframework.security.web.session.DisableEncodeUrlFilter@67169a73, org.springframework.security.web.context.request.async.WebAsyncManagerIntegrationFilter@7880942a, org.springframework.security.web.context.SecurityContextHolderFilter@7bd456c1, org.springframework.security.web.header.HeaderWriterFilter@318f68b, org.springframework.web.filter.CorsFilter@7a41cedb, org.springframework.security.web.authentication.logout.LogoutFilter@6f0a5c77, com.greengram.greengram4.security.JwtAuthenticationFilter@64940ffa, org.springframework.security.web.savedrequest.RequestCacheAwareFilter@5ca79be8, org.springframework.security.web.servletapi.SecurityContextHolderAwareRequestFilter@58dcc739, org.springframework.security.web.authentication.AnonymousAuthenticationFilter@7aa174cf, org.springframework.security.web.session.SessionManagementFilter@53ae9f40, org.springframework.security.web.access.ExceptionTranslationFilter@2df2a5d4, org.springframework.security.web.access.intercept.AuthorizationFilter@3b548bb0][0;39m
[2024-01-15 11:37:59 [32mINFO [0;39m restartedMain] [org.springframework.boot.devtools.autoconfigure.OptionalLiveReloadServer] [36mLiveReload server is running on port 35729[0;39m
[2024-01-15 11:37:59 [32mINFO [0;39m restartedMain] [org.apache.coyote.http11.Http11NioProtocol] [36mStarting ProtocolHandler ["http-nio-8080"][0;39m
[2024-01-15 11:37:59 [32mINFO [0;39m restartedMain] [org.springframework.boot.web.embedded.tomcat.TomcatWebServer] [36mTomcat started on port 8080 (http) with context path ''[0;39m
[2024-01-15 11:37:59 [32mINFO [0;39m restartedMain] [com.greengram.greengram4.Greengram4Application] [36mStarted Greengram4Application in 2.199 seconds (process running for 2.942)[0;39m
[2024-01-15 11:38:19 [32mINFO [0;39m http-nio-8080-exec-1] [org.apache.catalina.core.ContainerBase.[Tomcat].[localhost].[/]] [36mInitializing Spring DispatcherServlet 'dispatcherServlet'[0;39m
[2024-01-15 11:38:19 [32mINFO [0;39m http-nio-8080-exec-1] [org.springframework.web.servlet.DispatcherServlet] [36mInitializing Servlet 'dispatcherServlet'[0;39m
[2024-01-15 11:38:19 [32mINFO [0;39m http-nio-8080-exec-1] [org.springframework.web.servlet.DispatcherServlet] [36mCompleted initialization in 1 ms[0;39m
[2024-01-15 11:38:19 [32mINFO [0;39m http-nio-8080-exec-1] [com.greengram.greengram4.security.JwtAuthenticationFilter] [36mJwtAuthentication-Token: null [0;39m
[2024-01-15 11:38:19 [32mINFO [0;39m http-nio-8080-exec-2] [com.greengram.greengram4.security.JwtAuthenticationFilter] [36mJwtAuthentication-Token: null [0;39m
[2024-01-15 11:38:19 [32mINFO [0;39m http-nio-8080-exec-4] [com.greengram.greengram4.security.JwtAuthenticationFilter] [36mJwtAuthentication-Token: null [0;39m
[2024-01-15 11:38:19 [32mINFO [0;39m http-nio-8080-exec-3] [com.greengram.greengram4.security.JwtAuthenticationFilter] [36mJwtAuthentication-Token: null [0;39m
[2024-01-15 11:38:19 [32mINFO [0;39m http-nio-8080-exec-5] [com.greengram.greengram4.security.JwtAuthenticationFilter] [36mJwtAuthentication-Token: null [0;39m
[2024-01-15 11:38:19 [32mINFO [0;39m http-nio-8080-exec-10] [com.greengram.greengram4.security.JwtAuthenticationFilter] [36mJwtAuthentication-Token: null [0;39m
[2024-01-15 11:38:19 [32mINFO [0;39m http-nio-8080-exec-7] [com.greengram.greengram4.security.JwtAuthenticationFilter] [36mJwtAuthentication-Token: null [0;39m
[2024-01-15 11:38:19 [32mINFO [0;39m http-nio-8080-exec-8] [com.greengram.greengram4.security.JwtAuthenticationFilter] [36mJwtAuthentication-Token: null [0;39m
[2024-01-15 11:38:19 [32mINFO [0;39m http-nio-8080-exec-8] [org.springdoc.api.AbstractOpenApiResource] [36mInit duration for springdoc-openapi is: 185 ms[0;39m
[2024-01-15 11:38:38 [32mINFO [0;39m http-nio-8080-exec-9] [com.greengram.greengram4.security.JwtAuthenticationFilter] [36mJwtAuthentication-Token: null [0;39m
[2024-01-15 11:38:38 [32mINFO [0;39m http-nio-8080-exec-9] [com.greengram.greengram4.user.UserController] [36mdto, com.greengram.greengram4.user.model.UserSignDto@167ca0c0[0;39m
[2024-01-15 11:38:38 [32mINFO [0;39m http-nio-8080-exec-9] [com.zaxxer.hikari.HikariDataSource] [36mHikariPool-1 - Starting...[0;39m
[2024-01-15 11:38:38 [32mINFO [0;39m http-nio-8080-exec-9] [com.zaxxer.hikari.pool.HikariPool] [36mHikariPool-1 - Added connection org.mariadb.jdbc.Connection@29b44208[0;39m
[2024-01-15 11:38:38 [32mINFO [0;39m http-nio-8080-exec-9] [com.zaxxer.hikari.HikariDataSource] [36mHikariPool-1 - Start completed.[0;39m
[2024-01-15 11:40:11 [32mINFO [0;39m http-nio-8080-exec-5] [com.greengram.greengram4.security.JwtAuthenticationFilter] [36mJwtAuthentication-Token: eyJhbGciOiJIUzI1NiJ9.eyJ1c2VyIjoie1wiaXVzZXJcIjoxfSIsImlhdCI6MTcwNTI4NjMxOCwiZXhwIjoxNzA1MjkzNTE4fQ.06ygNHKxBBTmqP9w9WoGEwiSPiT9hhcLJh-8IDywPM4 [0;39m
[2024-01-15 11:41:04 [33mWARN [0;39m HikariPool-1 housekeeper] [com.zaxxer.hikari.pool.HikariPool] [36mHikariPool-1 - Thread starvation or clock leap detected (housekeeper delta=56s439ms552µs600ns).[0;39m
[2024-01-15 11:41:04 [32mINFO [0;39m http-nio-8080-exec-5] [com.greengram.greengram4.feed.FeedController] [36mpics: [org.springframework.web.multipart.support.StandardMultipartHttpServletRequest$StandardMultipartFile@e4097e9, org.springframework.web.multipart.support.StandardMultipartHttpServletRequest$StandardMultipartFile@1b6e5448][0;39m
[2024-01-15 11:41:06 [32mINFO [0;39m http-nio-8080-exec-5] [com.greengram.greengram4.feed.FeedController] [36mdto: com.greengram.greengram4.feed.model.FeedInsDto@5c7dec48[0;39m
[2024-01-15 11:41:06 [32mINFO [0;39m http-nio-8080-exec-5] [com.greengram.greengram4.feed.FeedService] [36mdto: com.greengram.greengram4.feed.model.FeedInsDto@5c7dec48[0;39m
[2024-01-15 11:41:31 [32mINFO [0;39m http-nio-8080-exec-4] [com.greengram.greengram4.security.JwtAuthenticationFilter] [36mJwtAuthentication-Token: eyJhbGciOiJIUzI1NiJ9.eyJ1c2VyIjoie1wiaXVzZXJcIjoxfSIsImlhdCI6MTcwNTI4NjMxOCwiZXhwIjoxNzA1MjkzNTE4fQ.06ygNHKxBBTmqP9w9WoGEwiSPiT9hhcLJh-8IDywPM4 [0;39m
[2024-01-15 11:41:38 [32mINFO [0;39m http-nio-8080-exec-4] [com.greengram.greengram4.feed.FeedController] [36mpics: [org.springframework.web.multipart.support.StandardMultipartHttpServletRequest$StandardMultipartFile@7d3ffcf0, org.springframework.web.multipart.support.StandardMultipartHttpServletRequest$StandardMultipartFile@383d7d33][0;39m
[2024-01-15 11:41:38 [32mINFO [0;39m http-nio-8080-exec-4] [com.greengram.greengram4.feed.FeedController] [36mdto: com.greengram.greengram4.feed.model.FeedInsDto@738d9623[0;39m
[2024-01-15 11:41:38 [32mINFO [0;39m http-nio-8080-exec-4] [com.greengram.greengram4.feed.FeedService] [36mdto: com.greengram.greengram4.feed.model.FeedInsDto@738d9623[0;39m
[2024-01-15 11:42:52 [32mINFO [0;39m SpringApplicationShutdownHook] [com.zaxxer.hikari.HikariDataSource] [36mHikariPool-1 - Shutdown initiated...[0;39m
[2024-01-15 11:42:52 [32mINFO [0;39m SpringApplicationShutdownHook] [com.zaxxer.hikari.HikariDataSource] [36mHikariPool-1 - Shutdown completed.[0;39m
[2024-01-15 11:42:56 [32mINFO [0;39m restartedMain] [com.greengram.greengram4.Greengram4Application] [36mStarting Greengram4Application using Java 17.0.8.1 with PID 7984 (D:\greengram4\build\classes\java\main started by Administrator in D:\greengram4)[0;39m
[2024-01-15 11:42:56 [32mINFO [0;39m restartedMain] [com.greengram.greengram4.Greengram4Application] [36mNo active profile set, falling back to 1 default profile: "default"[0;39m
[2024-01-15 11:42:56 [32mINFO [0;39m restartedMain] [org.springframework.boot.devtools.env.DevToolsPropertyDefaultsPostProcessor] [36mDevtools property defaults active! Set 'spring.devtools.add-properties' to 'false' to disable[0;39m
[2024-01-15 11:42:56 [32mINFO [0;39m restartedMain] [org.springframework.boot.devtools.env.DevToolsPropertyDefaultsPostProcessor] [36mFor additional web related logging consider setting the 'logging.level.web' property to 'DEBUG'[0;39m
[2024-01-15 11:42:56 [32mINFO [0;39m restartedMain] [org.springframework.boot.web.embedded.tomcat.TomcatWebServer] [36mTomcat initialized with port 8080 (http)[0;39m
[2024-01-15 11:42:56 [32mINFO [0;39m restartedMain] [org.apache.coyote.http11.Http11NioProtocol] [36mInitializing ProtocolHandler ["http-nio-8080"][0;39m
[2024-01-15 11:42:56 [32mINFO [0;39m restartedMain] [org.apache.catalina.core.StandardService] [36mStarting service [Tomcat][0;39m
[2024-01-15 11:42:56 [32mINFO [0;39m restartedMain] [org.apache.catalina.core.StandardEngine] [36mStarting Servlet engine: [Apache Tomcat/10.1.17][0;39m
[2024-01-15 11:42:57 [32mINFO [0;39m restartedMain] [org.apache.catalina.core.ContainerBase.[Tomcat].[localhost].[/]] [36mInitializing Spring embedded WebApplicationContext[0;39m
[2024-01-15 11:42:57 [32mINFO [0;39m restartedMain] [org.springframework.boot.web.servlet.context.ServletWebServerApplicationContext] [36mRoot WebApplicationContext: initialization completed in 921 ms[0;39m
[2024-01-15 11:42:57 [32mINFO [0;39m restartedMain] [com.greengram.greengram4.common.FirevasConfiguration] [36mFirebaseApp Initialization Complete !!![0;39m
[2024-01-15 11:42:57 [33mWARN [0;39m restartedMain] [org.springframework.boot.autoconfigure.security.servlet.UserDetailsServiceAutoConfiguration] [36m

Using generated security password: aff4e9a1-b487-468d-ae8b-9cbabfffb197

This generated password is for development use only. Your security configuration must be updated before running your application in production.
[0;39m
[2024-01-15 11:42:57 [32mINFO [0;39m restartedMain] [org.springframework.boot.autoconfigure.web.servlet.WelcomePageHandlerMapping] [36mAdding welcome page: class path resource [static/index.html][0;39m
[2024-01-15 11:42:57 [32mINFO [0;39m restartedMain] [org.springframework.security.web.DefaultSecurityFilterChain] [36mWill secure any request with [org.springframework.security.web.session.DisableEncodeUrlFilter@4497bd6a, org.springframework.security.web.context.request.async.WebAsyncManagerIntegrationFilter@5a3242, org.springframework.security.web.context.SecurityContextHolderFilter@4f670618, org.springframework.security.web.header.HeaderWriterFilter@751f8467, org.springframework.web.filter.CorsFilter@3d20b378, org.springframework.security.web.authentication.logout.LogoutFilter@146c9c4c, com.greengram.greengram4.security.JwtAuthenticationFilter@2713214f, org.springframework.security.web.savedrequest.RequestCacheAwareFilter@69ab7618, org.springframework.security.web.servletapi.SecurityContextHolderAwareRequestFilter@309650ad, org.springframework.security.web.authentication.AnonymousAuthenticationFilter@42f8e8cc, org.springframework.security.web.session.SessionManagementFilter@25cffa70, org.springframework.security.web.access.ExceptionTranslationFilter@11253bac, org.springframework.security.web.access.intercept.AuthorizationFilter@257c3ea4][0;39m
[2024-01-15 11:42:57 [32mINFO [0;39m restartedMain] [org.springframework.boot.devtools.autoconfigure.OptionalLiveReloadServer] [36mLiveReload server is running on port 35729[0;39m
[2024-01-15 11:42:57 [32mINFO [0;39m restartedMain] [org.apache.coyote.http11.Http11NioProtocol] [36mStarting ProtocolHandler ["http-nio-8080"][0;39m
[2024-01-15 11:42:57 [32mINFO [0;39m restartedMain] [org.springframework.boot.web.embedded.tomcat.TomcatWebServer] [36mTomcat started on port 8080 (http) with context path ''[0;39m
[2024-01-15 11:42:57 [32mINFO [0;39m restartedMain] [com.greengram.greengram4.Greengram4Application] [36mStarted Greengram4Application in 2.025 seconds (process running for 2.429)[0;39m
[2024-01-15 11:43:01 [32mINFO [0;39m restartedMain] [com.greengram.greengram4.Greengram4Application] [36mStarting Greengram4Application using Java 17.0.8.1 with PID 3624 (D:\greengram4\build\classes\java\main started by Administrator in D:\greengram4)[0;39m
[2024-01-15 11:43:01 [32mINFO [0;39m restartedMain] [com.greengram.greengram4.Greengram4Application] [36mNo active profile set, falling back to 1 default profile: "default"[0;39m
[2024-01-15 11:43:01 [32mINFO [0;39m restartedMain] [org.springframework.boot.devtools.env.DevToolsPropertyDefaultsPostProcessor] [36mDevtools property defaults active! Set 'spring.devtools.add-properties' to 'false' to disable[0;39m
[2024-01-15 11:43:01 [32mINFO [0;39m restartedMain] [org.springframework.boot.devtools.env.DevToolsPropertyDefaultsPostProcessor] [36mFor additional web related logging consider setting the 'logging.level.web' property to 'DEBUG'[0;39m
[2024-01-15 11:43:02 [32mINFO [0;39m restartedMain] [org.springframework.boot.web.embedded.tomcat.TomcatWebServer] [36mTomcat initialized with port 8080 (http)[0;39m
[2024-01-15 11:43:02 [32mINFO [0;39m restartedMain] [org.apache.coyote.http11.Http11NioProtocol] [36mInitializing ProtocolHandler ["http-nio-8080"][0;39m
[2024-01-15 11:43:02 [32mINFO [0;39m restartedMain] [org.apache.catalina.core.StandardService] [36mStarting service [Tomcat][0;39m
[2024-01-15 11:43:02 [32mINFO [0;39m restartedMain] [org.apache.catalina.core.StandardEngine] [36mStarting Servlet engine: [Apache Tomcat/10.1.17][0;39m
[2024-01-15 11:43:02 [32mINFO [0;39m restartedMain] [org.apache.catalina.core.ContainerBase.[Tomcat].[localhost].[/]] [36mInitializing Spring embedded WebApplicationContext[0;39m
[2024-01-15 11:43:02 [32mINFO [0;39m restartedMain] [org.springframework.boot.web.servlet.context.ServletWebServerApplicationContext] [36mRoot WebApplicationContext: initialization completed in 1315 ms[0;39m
[2024-01-15 11:43:02 [32mINFO [0;39m restartedMain] [com.greengram.greengram4.common.FirevasConfiguration] [36mFirebaseApp Initialization Complete !!![0;39m
[2024-01-15 11:43:02 [33mWARN [0;39m restartedMain] [org.springframework.boot.autoconfigure.security.servlet.UserDetailsServiceAutoConfiguration] [36m

Using generated security password: c6c0b719-d9fa-4be8-bb6b-c87171b742a2

This generated password is for development use only. Your security configuration must be updated before running your application in production.
[0;39m
[2024-01-15 11:43:03 [32mINFO [0;39m restartedMain] [org.springframework.boot.autoconfigure.web.servlet.WelcomePageHandlerMapping] [36mAdding welcome page: class path resource [static/index.html][0;39m
[2024-01-15 11:43:03 [32mINFO [0;39m restartedMain] [org.springframework.security.web.DefaultSecurityFilterChain] [36mWill secure any request with [org.springframework.security.web.session.DisableEncodeUrlFilter@1ebdd994, org.springframework.security.web.context.request.async.WebAsyncManagerIntegrationFilter@5d929877, org.springframework.security.web.context.SecurityContextHolderFilter@361edf86, org.springframework.security.web.header.HeaderWriterFilter@3d64d3d9, org.springframework.web.filter.CorsFilter@211630da, org.springframework.security.web.authentication.logout.LogoutFilter@3572f944, com.greengram.greengram4.security.JwtAuthenticationFilter@7fd963c7, org.springframework.security.web.savedrequest.RequestCacheAwareFilter@6d3c1091, org.springframework.security.web.servletapi.SecurityContextHolderAwareRequestFilter@45305b10, org.springframework.security.web.authentication.AnonymousAuthenticationFilter@524851ef, org.springframework.security.web.session.SessionManagementFilter@6bc31fb, org.springframework.security.web.access.ExceptionTranslationFilter@6419ab94, org.springframework.security.web.access.intercept.AuthorizationFilter@187e9a][0;39m
[2024-01-15 11:43:03 [32mINFO [0;39m restartedMain] [org.springframework.boot.devtools.autoconfigure.OptionalLiveReloadServer] [36mLiveReload server is running on port 35729[0;39m
[2024-01-15 11:43:03 [32mINFO [0;39m restartedMain] [org.apache.coyote.http11.Http11NioProtocol] [36mStarting ProtocolHandler ["http-nio-8080"][0;39m
[2024-01-15 11:43:03 [32mINFO [0;39m restartedMain] [org.springframework.boot.web.embedded.tomcat.TomcatWebServer] [36mTomcat started on port 8080 (http) with context path ''[0;39m
[2024-01-15 11:43:03 [32mINFO [0;39m restartedMain] [com.greengram.greengram4.Greengram4Application] [36mStarted Greengram4Application in 2.491 seconds (process running for 2.952)[0;39m
[2024-01-15 11:43:06 [32mINFO [0;39m http-nio-8080-exec-3] [org.apache.catalina.core.ContainerBase.[Tomcat].[localhost].[/]] [36mInitializing Spring DispatcherServlet 'dispatcherServlet'[0;39m
[2024-01-15 11:43:06 [32mINFO [0;39m http-nio-8080-exec-3] [org.springframework.web.servlet.DispatcherServlet] [36mInitializing Servlet 'dispatcherServlet'[0;39m
[2024-01-15 11:43:06 [32mINFO [0;39m http-nio-8080-exec-3] [org.springframework.web.servlet.DispatcherServlet] [36mCompleted initialization in 1 ms[0;39m
[2024-01-15 11:43:06 [32mINFO [0;39m http-nio-8080-exec-3] [com.greengram.greengram4.security.JwtAuthenticationFilter] [36mJwtAuthentication-Token: eyJhbGciOiJIUzI1NiJ9.eyJ1c2VyIjoie1wiaXVzZXJcIjoxfSIsImlhdCI6MTcwNTI4NjMxOCwiZXhwIjoxNzA1MjkzNTE4fQ.06ygNHKxBBTmqP9w9WoGEwiSPiT9hhcLJh-8IDywPM4 [0;39m
[2024-01-15 11:43:07 [32mINFO [0;39m http-nio-8080-exec-3] [com.greengram.greengram4.feed.FeedController] [36mpics: [org.springframework.web.multipart.support.StandardMultipartHttpServletRequest$StandardMultipartFile@6f288aac, org.springframework.web.multipart.support.StandardMultipartHttpServletRequest$StandardMultipartFile@f60a3e5][0;39m
[2024-01-15 11:43:07 [32mINFO [0;39m http-nio-8080-exec-3] [com.greengram.greengram4.feed.FeedController] [36mdto: com.greengram.greengram4.feed.model.FeedInsDto@166d19cd[0;39m
[2024-01-15 11:43:07 [32mINFO [0;39m http-nio-8080-exec-3] [com.greengram.greengram4.feed.FeedService] [36mdto: com.greengram.greengram4.feed.model.FeedInsDto@166d19cd[0;39m
[2024-01-15 11:43:07 [32mINFO [0;39m http-nio-8080-exec-3] [com.zaxxer.hikari.HikariDataSource] [36mHikariPool-1 - Starting...[0;39m
[2024-01-15 11:43:07 [32mINFO [0;39m http-nio-8080-exec-3] [com.zaxxer.hikari.pool.HikariPool] [36mHikariPool-1 - Added connection org.mariadb.jdbc.Connection@13c518a[0;39m
[2024-01-15 11:43:07 [32mINFO [0;39m http-nio-8080-exec-3] [com.zaxxer.hikari.HikariDataSource] [36mHikariPool-1 - Start completed.[0;39m
[2024-01-15 12:19:48 [32mINFO [0;39m SpringApplicationShutdownHook] [com.zaxxer.hikari.HikariDataSource] [36mHikariPool-1 - Shutdown initiated...[0;39m
[2024-01-15 12:19:48 [32mINFO [0;39m SpringApplicationShutdownHook] [com.zaxxer.hikari.HikariDataSource] [36mHikariPool-1 - Shutdown completed.[0;39m
[2024-01-15 12:19:50 [32mINFO [0;39m restartedMain] [com.greengram.greengram4.Greengram4Application] [36mStarting Greengram4Application using Java 17.0.8.1 with PID 12096 (D:\greengram4\build\classes\java\main started by Administrator in D:\greengram4)[0;39m
[2024-01-15 12:19:50 [32mINFO [0;39m restartedMain] [com.greengram.greengram4.Greengram4Application] [36mNo active profile set, falling back to 1 default profile: "default"[0;39m
[2024-01-15 12:19:50 [32mINFO [0;39m restartedMain] [org.springframework.boot.devtools.env.DevToolsPropertyDefaultsPostProcessor] [36mDevtools property defaults active! Set 'spring.devtools.add-properties' to 'false' to disable[0;39m
[2024-01-15 12:19:50 [32mINFO [0;39m restartedMain] [org.springframework.boot.devtools.env.DevToolsPropertyDefaultsPostProcessor] [36mFor additional web related logging consider setting the 'logging.level.web' property to 'DEBUG'[0;39m
[2024-01-15 12:19:51 [32mINFO [0;39m restartedMain] [org.springframework.boot.web.embedded.tomcat.TomcatWebServer] [36mTomcat initialized with port 8080 (http)[0;39m
[2024-01-15 12:19:51 [32mINFO [0;39m restartedMain] [org.apache.coyote.http11.Http11NioProtocol] [36mInitializing ProtocolHandler ["http-nio-8080"][0;39m
[2024-01-15 12:19:51 [32mINFO [0;39m restartedMain] [org.apache.catalina.core.StandardService] [36mStarting service [Tomcat][0;39m
[2024-01-15 12:19:51 [32mINFO [0;39m restartedMain] [org.apache.catalina.core.StandardEngine] [36mStarting Servlet engine: [Apache Tomcat/10.1.17][0;39m
[2024-01-15 12:19:51 [32mINFO [0;39m restartedMain] [org.apache.catalina.core.ContainerBase.[Tomcat].[localhost].[/]] [36mInitializing Spring embedded WebApplicationContext[0;39m
[2024-01-15 12:19:51 [32mINFO [0;39m restartedMain] [org.springframework.boot.web.servlet.context.ServletWebServerApplicationContext] [36mRoot WebApplicationContext: initialization completed in 919 ms[0;39m
[2024-01-15 12:19:51 [32mINFO [0;39m restartedMain] [com.greengram.greengram4.common.FirevasConfiguration] [36mFirebaseApp Initialization Complete !!![0;39m
[2024-01-15 12:19:51 [33mWARN [0;39m restartedMain] [org.springframework.boot.autoconfigure.security.servlet.UserDetailsServiceAutoConfiguration] [36m

Using generated security password: fa113f92-798b-4c36-8a1d-3d63182d5a50

This generated password is for development use only. Your security configuration must be updated before running your application in production.
[0;39m
[2024-01-15 12:19:51 [32mINFO [0;39m restartedMain] [org.springframework.boot.autoconfigure.web.servlet.WelcomePageHandlerMapping] [36mAdding welcome page: class path resource [static/index.html][0;39m
[2024-01-15 12:19:51 [32mINFO [0;39m restartedMain] [org.springframework.security.web.DefaultSecurityFilterChain] [36mWill secure any request with [org.springframework.security.web.session.DisableEncodeUrlFilter@4aa85572, org.springframework.security.web.context.request.async.WebAsyncManagerIntegrationFilter@4a1e58c3, org.springframework.security.web.context.SecurityContextHolderFilter@6955cfc1, org.springframework.security.web.header.HeaderWriterFilter@798e741d, org.springframework.web.filter.CorsFilter@1f79ff08, org.springframework.security.web.authentication.logout.LogoutFilter@6dc463a9, com.greengram.greengram4.security.JwtAuthenticationFilter@6023d6a7, org.springframework.security.web.savedrequest.RequestCacheAwareFilter@6a2020af, org.springframework.security.web.servletapi.SecurityContextHolderAwareRequestFilter@3ffef7ee, org.springframework.security.web.authentication.AnonymousAuthenticationFilter@4e4c443f, org.springframework.security.web.session.SessionManagementFilter@72e16f95, org.springframework.security.web.access.ExceptionTranslationFilter@35c96c28, org.springframework.security.web.access.intercept.AuthorizationFilter@20a40256][0;39m
[2024-01-15 12:19:51 [32mINFO [0;39m restartedMain] [org.springframework.boot.devtools.autoconfigure.OptionalLiveReloadServer] [36mLiveReload server is running on port 35729[0;39m
[2024-01-15 12:19:51 [32mINFO [0;39m restartedMain] [org.apache.coyote.http11.Http11NioProtocol] [36mStarting ProtocolHandler ["http-nio-8080"][0;39m
[2024-01-15 12:19:51 [32mINFO [0;39m restartedMain] [org.springframework.boot.web.embedded.tomcat.TomcatWebServer] [36mTomcat started on port 8080 (http) with context path ''[0;39m
[2024-01-15 12:19:52 [32mINFO [0;39m restartedMain] [com.greengram.greengram4.Greengram4Application] [36mStarted Greengram4Application in 2.029 seconds (process running for 2.445)[0;39m
