[2024-01-22 11:14:37 [32mINFO [0;39m background-preinit] [org.hibernate.validator.internal.util.Version] [36mHV000001: Hibernate Validator 8.0.1.Final[0;39m
[2024-01-22 11:14:37 [32mINFO [0;39m restartedMain] [com.greengram.greengram4.Greengram4Application] [36mStarting Greengram4Application using Java 17.0.8.1 with PID 6252 (D:\greengram4\build\classes\java\main started by Administrator in D:\greengram4)[0;39m
[2024-01-22 11:14:37 [32mINFO [0;39m restartedMain] [com.greengram.greengram4.Greengram4Application] [36mNo active profile set, falling back to 1 default profile: "default"[0;39m
[2024-01-22 11:14:37 [32mINFO [0;39m restartedMain] [org.springframework.boot.devtools.env.DevToolsPropertyDefaultsPostProcessor] [36mDevtools property defaults active! Set 'spring.devtools.add-properties' to 'false' to disable[0;39m
[2024-01-22 11:14:37 [32mINFO [0;39m restartedMain] [org.springframework.boot.devtools.env.DevToolsPropertyDefaultsPostProcessor] [36mFor additional web related logging consider setting the 'logging.level.web' property to 'DEBUG'[0;39m
[2024-01-22 11:14:38 [32mINFO [0;39m restartedMain] [org.springframework.boot.web.embedded.tomcat.TomcatWebServer] [36mTomcat initialized with port 8080 (http)[0;39m
[2024-01-22 11:14:38 [32mINFO [0;39m restartedMain] [org.apache.coyote.http11.Http11NioProtocol] [36mInitializing ProtocolHandler ["http-nio-8080"][0;39m
[2024-01-22 11:14:38 [32mINFO [0;39m restartedMain] [org.apache.catalina.core.StandardService] [36mStarting service [Tomcat][0;39m
[2024-01-22 11:14:38 [32mINFO [0;39m restartedMain] [org.apache.catalina.core.StandardEngine] [36mStarting Servlet engine: [Apache Tomcat/10.1.17][0;39m
[2024-01-22 11:14:38 [32mINFO [0;39m restartedMain] [org.apache.catalina.core.ContainerBase.[Tomcat].[localhost].[/]] [36mInitializing Spring embedded WebApplicationContext[0;39m
[2024-01-22 11:14:38 [32mINFO [0;39m restartedMain] [org.springframework.boot.web.servlet.context.ServletWebServerApplicationContext] [36mRoot WebApplicationContext: initialization completed in 992 ms[0;39m
[2024-01-22 11:14:38 [32mINFO [0;39m restartedMain] [com.greengram.greengram4.common.FirevasConfiguration] [36mFirebaseApp Initialization Complete !!![0;39m
[2024-01-22 11:14:39 [33mWARN [0;39m restartedMain] [org.springframework.boot.autoconfigure.security.servlet.UserDetailsServiceAutoConfiguration] [36m

Using generated security password: 3e016cae-6da1-4a16-b6c9-67455a778528

This generated password is for development use only. Your security configuration must be updated before running your application in production.
[0;39m
[2024-01-22 11:14:39 [32mINFO [0;39m restartedMain] [org.springframework.boot.autoconfigure.web.servlet.WelcomePageHandlerMapping] [36mAdding welcome page: class path resource [static/index.html][0;39m
[2024-01-22 11:14:39 [32mINFO [0;39m restartedMain] [org.springframework.security.web.DefaultSecurityFilterChain] [36mWill secure any request with [org.springframework.security.web.session.DisableEncodeUrlFilter@7975faf8, org.springframework.security.web.context.request.async.WebAsyncManagerIntegrationFilter@3ad25eec, org.springframework.security.web.context.SecurityContextHolderFilter@596b9999, org.springframework.security.web.header.HeaderWriterFilter@1a57c249, org.springframework.web.filter.CorsFilter@114b6890, org.springframework.security.web.authentication.logout.LogoutFilter@6f6dadbb, com.greengram.greengram4.security.JwtAuthenticationFilter@59beae, org.springframework.security.web.savedrequest.RequestCacheAwareFilter@57f88c52, org.springframework.security.web.servletapi.SecurityContextHolderAwareRequestFilter@60ba901a, org.springframework.security.web.authentication.AnonymousAuthenticationFilter@769159a0, org.springframework.security.web.session.SessionManagementFilter@27c69b06, org.springframework.security.web.access.ExceptionTranslationFilter@185c2551, org.springframework.security.web.access.intercept.AuthorizationFilter@1cdbf7e5][0;39m
[2024-01-22 11:14:39 [32mINFO [0;39m restartedMain] [org.springframework.boot.devtools.autoconfigure.OptionalLiveReloadServer] [36mLiveReload server is running on port 35729[0;39m
[2024-01-22 11:14:39 [32mINFO [0;39m restartedMain] [org.apache.coyote.http11.Http11NioProtocol] [36mStarting ProtocolHandler ["http-nio-8080"][0;39m
[2024-01-22 11:14:39 [32mINFO [0;39m restartedMain] [org.springframework.boot.web.embedded.tomcat.TomcatWebServer] [36mTomcat started on port 8080 (http) with context path ''[0;39m
[2024-01-22 11:14:39 [32mINFO [0;39m restartedMain] [com.greengram.greengram4.Greengram4Application] [36mStarted Greengram4Application in 2.093 seconds (process running for 2.526)[0;39m
[2024-01-22 16:11:10 [32mINFO [0;39m background-preinit] [org.hibernate.validator.internal.util.Version] [36mHV000001: Hibernate Validator 8.0.1.Final[0;39m
[2024-01-22 16:11:10 [32mINFO [0;39m restartedMain] [com.greengram.greengram4.Greengram4Application] [36mStarting Greengram4Application using Java 17.0.8.1 with PID 4800 (D:\greengram4\build\classes\java\main started by Administrator in D:\greengram4)[0;39m
[2024-01-22 16:11:10 [32mINFO [0;39m restartedMain] [com.greengram.greengram4.Greengram4Application] [36mNo active profile set, falling back to 1 default profile: "default"[0;39m
[2024-01-22 16:11:10 [32mINFO [0;39m restartedMain] [org.springframework.boot.devtools.env.DevToolsPropertyDefaultsPostProcessor] [36mDevtools property defaults active! Set 'spring.devtools.add-properties' to 'false' to disable[0;39m
[2024-01-22 16:11:10 [32mINFO [0;39m restartedMain] [org.springframework.boot.devtools.env.DevToolsPropertyDefaultsPostProcessor] [36mFor additional web related logging consider setting the 'logging.level.web' property to 'DEBUG'[0;39m
[2024-01-22 16:11:11 [32mINFO [0;39m restartedMain] [org.springframework.boot.web.embedded.tomcat.TomcatWebServer] [36mTomcat initialized with port 8080 (http)[0;39m
[2024-01-22 16:11:11 [32mINFO [0;39m restartedMain] [org.springframework.boot.web.servlet.context.ServletWebServerApplicationContext] [36mRoot WebApplicationContext: initialization completed in 941 ms[0;39m
[2024-01-22 16:11:11 [32mINFO [0;39m restartedMain] [com.greengram.greengram4.common.FirevasConfiguration] [36mFirebaseApp Initialization Complete !!![0;39m
[2024-01-22 16:11:12 [33mWARN [0;39m restartedMain] [org.springframework.boot.autoconfigure.security.servlet.UserDetailsServiceAutoConfiguration] [36m

Using generated security password: af423597-12b4-4123-92d8-c4099317bbb6

This generated password is for development use only. Your security configuration must be updated before running your application in production.
[0;39m
[2024-01-22 16:11:12 [32mINFO [0;39m restartedMain] [org.springframework.boot.autoconfigure.web.servlet.WelcomePageHandlerMapping] [36mAdding welcome page: class path resource [static/index.html][0;39m
[2024-01-22 16:11:12 [32mINFO [0;39m restartedMain] [org.springframework.security.web.DefaultSecurityFilterChain] [36mWill secure any request with [org.springframework.security.web.session.DisableEncodeUrlFilter@533e143c, org.springframework.security.web.context.request.async.WebAsyncManagerIntegrationFilter@20d81ce4, org.springframework.security.web.context.SecurityContextHolderFilter@7db3ff17, org.springframework.security.web.header.HeaderWriterFilter@6ff961d8, org.springframework.web.filter.CorsFilter@4fb4394f, org.springframework.security.web.authentication.logout.LogoutFilter@36036470, com.greengram.greengram4.security.JwtAuthenticationFilter@678d75c7, org.springframework.security.web.savedrequest.RequestCacheAwareFilter@3c985c5f, org.springframework.security.web.servletapi.SecurityContextHolderAwareRequestFilter@54f8068, org.springframework.security.web.authentication.AnonymousAuthenticationFilter@26f861d3, org.springframework.security.web.session.SessionManagementFilter@6835cb3e, org.springframework.security.web.access.ExceptionTranslationFilter@58c50327, org.springframework.security.web.access.intercept.AuthorizationFilter@11ac4738][0;39m
[2024-01-22 16:11:12 [32mINFO [0;39m restartedMain] [org.springframework.boot.devtools.autoconfigure.OptionalLiveReloadServer] [36mLiveReload server is running on port 35729[0;39m
[2024-01-22 16:11:12 [32mINFO [0;39m restartedMain] [org.springframework.boot.web.embedded.tomcat.TomcatWebServer] [36mTomcat started on port 8080 (http) with context path ''[0;39m
[2024-01-22 16:11:12 [32mINFO [0;39m restartedMain] [com.greengram.greengram4.Greengram4Application] [36mStarted Greengram4Application in 2.063 seconds (process running for 2.464)[0;39m
