[2024-01-04 11:32:18 [32mINFO [0;39m restartedMain] [com.greengram.greengram4.Greengram4Application] [36mStarting Greengram4Application using Java 17.0.8.1 with PID 13940 (D:\greengram4\build\classes\java\main started by Administrator in D:\greengram4)[0;39m
[2024-01-04 11:32:18 [32mINFO [0;39m restartedMain] [com.greengram.greengram4.Greengram4Application] [36mNo active profile set, falling back to 1 default profile: "default"[0;39m
[2024-01-04 11:32:18 [32mINFO [0;39m restartedMain] [org.springframework.boot.devtools.env.DevToolsPropertyDefaultsPostProcessor] [36mDevtools property defaults active! Set 'spring.devtools.add-properties' to 'false' to disable[0;39m
[2024-01-04 11:32:18 [32mINFO [0;39m restartedMain] [org.springframework.boot.devtools.env.DevToolsPropertyDefaultsPostProcessor] [36mFor additional web related logging consider setting the 'logging.level.web' property to 'DEBUG'[0;39m
[2024-01-04 11:32:19 [32mINFO [0;39m restartedMain] [org.springframework.boot.web.embedded.tomcat.TomcatWebServer] [36mTomcat initialized with port 8080 (http)[0;39m
[2024-01-04 11:32:19 [32mINFO [0;39m restartedMain] [org.apache.coyote.http11.Http11NioProtocol] [36mInitializing ProtocolHandler ["http-nio-8080"][0;39m
[2024-01-04 11:32:19 [32mINFO [0;39m restartedMain] [org.apache.catalina.core.StandardService] [36mStarting service [Tomcat][0;39m
[2024-01-04 11:32:19 [32mINFO [0;39m restartedMain] [org.apache.catalina.core.StandardEngine] [36mStarting Servlet engine: [Apache Tomcat/10.1.17][0;39m
[2024-01-04 11:32:19 [32mINFO [0;39m restartedMain] [org.apache.catalina.core.ContainerBase.[Tomcat].[localhost].[/]] [36mInitializing Spring embedded WebApplicationContext[0;39m
[2024-01-04 11:32:19 [32mINFO [0;39m restartedMain] [org.springframework.boot.web.servlet.context.ServletWebServerApplicationContext] [36mRoot WebApplicationContext: initialization completed in 900 ms[0;39m
[2024-01-04 11:32:19 [32mINFO [0;39m restartedMain] [com.greengram.greengram4.common.FirevasConfiguration] [36mFirebaseApp Initialization Complete !!![0;39m
[2024-01-04 11:32:20 [32mINFO [0;39m restartedMain] [org.springframework.boot.autoconfigure.web.servlet.WelcomePageHandlerMapping] [36mAdding welcome page: class path resource [static/index.html][0;39m
[2024-01-04 11:32:20 [33mWARN [0;39m restartedMain] [org.springframework.boot.autoconfigure.security.servlet.UserDetailsServiceAutoConfiguration] [36m

Using generated security password: 6382b599-6dc8-45fe-ae10-999bb4a8020b

This generated password is for development use only. Your security configuration must be updated before running your application in production.
[0;39m
[2024-01-04 11:32:20 [32mINFO [0;39m restartedMain] [org.springframework.security.web.DefaultSecurityFilterChain] [36mWill secure any request with [org.springframework.security.web.session.DisableEncodeUrlFilter@71971d88, org.springframework.security.web.context.request.async.WebAsyncManagerIntegrationFilter@6d20c41d, org.springframework.security.web.context.SecurityContextHolderFilter@3ef5bd6b, org.springframework.security.web.header.HeaderWriterFilter@748a389c, org.springframework.web.filter.CorsFilter@761c0ba7, org.springframework.security.web.csrf.CsrfFilter@50e2f283, org.springframework.security.web.authentication.logout.LogoutFilter@242ca8aa, org.springframework.security.web.authentication.UsernamePasswordAuthenticationFilter@762f0d95, org.springframework.security.web.authentication.ui.DefaultLoginPageGeneratingFilter@a65bb3f, org.springframework.security.web.authentication.ui.DefaultLogoutPageGeneratingFilter@202da0d5, org.springframework.security.web.authentication.www.BasicAuthenticationFilter@718da4db, org.springframework.security.web.savedrequest.RequestCacheAwareFilter@4952e416, org.springframework.security.web.servletapi.SecurityContextHolderAwareRequestFilter@51ab0473, org.springframework.security.web.authentication.AnonymousAuthenticationFilter@699f8205, org.springframework.security.web.access.ExceptionTranslationFilter@b2b5d3d, org.springframework.security.web.access.intercept.AuthorizationFilter@3dd08890][0;39m
[2024-01-04 11:32:20 [32mINFO [0;39m restartedMain] [org.springframework.boot.devtools.autoconfigure.OptionalLiveReloadServer] [36mLiveReload server is running on port 35729[0;39m
[2024-01-04 11:32:20 [32mINFO [0;39m restartedMain] [org.apache.coyote.http11.Http11NioProtocol] [36mStarting ProtocolHandler ["http-nio-8080"][0;39m
[2024-01-04 11:32:20 [32mINFO [0;39m restartedMain] [org.springframework.boot.web.embedded.tomcat.TomcatWebServer] [36mTomcat started on port 8080 (http) with context path ''[0;39m
[2024-01-04 11:32:20 [32mINFO [0;39m restartedMain] [com.greengram.greengram4.Greengram4Application] [36mStarted Greengram4Application in 1.956 seconds (process running for 2.372)[0;39m
[2024-01-04 11:32:28 [32mINFO [0;39m http-nio-8080-exec-1] [org.apache.catalina.core.ContainerBase.[Tomcat].[localhost].[/]] [36mInitializing Spring DispatcherServlet 'dispatcherServlet'[0;39m
[2024-01-04 11:32:28 [32mINFO [0;39m http-nio-8080-exec-1] [org.springframework.web.servlet.DispatcherServlet] [36mInitializing Servlet 'dispatcherServlet'[0;39m
[2024-01-04 11:32:28 [32mINFO [0;39m http-nio-8080-exec-1] [org.springframework.web.servlet.DispatcherServlet] [36mCompleted initialization in 0 ms[0;39m
[2024-01-04 11:33:21 [32mINFO [0;39m restartedMain] [com.greengram.greengram4.Greengram4Application] [36mStarting Greengram4Application using Java 17.0.8.1 with PID 12576 (D:\greengram4\build\classes\java\main started by Administrator in D:\greengram4)[0;39m
[2024-01-04 11:33:21 [32mINFO [0;39m restartedMain] [com.greengram.greengram4.Greengram4Application] [36mNo active profile set, falling back to 1 default profile: "default"[0;39m
[2024-01-04 11:33:21 [32mINFO [0;39m restartedMain] [org.springframework.boot.devtools.env.DevToolsPropertyDefaultsPostProcessor] [36mDevtools property defaults active! Set 'spring.devtools.add-properties' to 'false' to disable[0;39m
[2024-01-04 11:33:21 [32mINFO [0;39m restartedMain] [org.springframework.boot.devtools.env.DevToolsPropertyDefaultsPostProcessor] [36mFor additional web related logging consider setting the 'logging.level.web' property to 'DEBUG'[0;39m
[2024-01-04 11:33:22 [32mINFO [0;39m restartedMain] [org.springframework.boot.web.embedded.tomcat.TomcatWebServer] [36mTomcat initialized with port 8080 (http)[0;39m
[2024-01-04 11:33:22 [32mINFO [0;39m restartedMain] [org.apache.coyote.http11.Http11NioProtocol] [36mInitializing ProtocolHandler ["http-nio-8080"][0;39m
[2024-01-04 11:33:22 [32mINFO [0;39m restartedMain] [org.apache.catalina.core.StandardService] [36mStarting service [Tomcat][0;39m
[2024-01-04 11:33:22 [32mINFO [0;39m restartedMain] [org.apache.catalina.core.StandardEngine] [36mStarting Servlet engine: [Apache Tomcat/10.1.17][0;39m
[2024-01-04 11:33:22 [32mINFO [0;39m restartedMain] [org.apache.catalina.core.ContainerBase.[Tomcat].[localhost].[/]] [36mInitializing Spring embedded WebApplicationContext[0;39m
[2024-01-04 11:33:22 [32mINFO [0;39m restartedMain] [org.springframework.boot.web.servlet.context.ServletWebServerApplicationContext] [36mRoot WebApplicationContext: initialization completed in 895 ms[0;39m
[2024-01-04 11:33:22 [32mINFO [0;39m restartedMain] [com.greengram.greengram4.common.FirevasConfiguration] [36mFirebaseApp Initialization Complete !!![0;39m
[2024-01-04 11:33:22 [32mINFO [0;39m restartedMain] [org.springframework.boot.autoconfigure.web.servlet.WelcomePageHandlerMapping] [36mAdding welcome page: class path resource [static/index.html][0;39m
[2024-01-04 11:33:22 [33mWARN [0;39m restartedMain] [org.springframework.boot.autoconfigure.security.servlet.UserDetailsServiceAutoConfiguration] [36m

Using generated security password: 0ed14555-decd-4d17-9667-18a8f470696f

This generated password is for development use only. Your security configuration must be updated before running your application in production.
[0;39m
[2024-01-04 11:33:23 [32mINFO [0;39m restartedMain] [org.springframework.security.web.DefaultSecurityFilterChain] [36mWill secure any request with [org.springframework.security.web.session.DisableEncodeUrlFilter@151d7e55, org.springframework.security.web.context.request.async.WebAsyncManagerIntegrationFilter@659b5240, org.springframework.security.web.context.SecurityContextHolderFilter@71971d88, org.springframework.security.web.header.HeaderWriterFilter@718da4db, org.springframework.web.filter.CorsFilter@57b18de6, org.springframework.security.web.csrf.CsrfFilter@2b0139c3, org.springframework.security.web.authentication.logout.LogoutFilter@33dc1ae6, org.springframework.security.web.authentication.UsernamePasswordAuthenticationFilter@6eb9c49, org.springframework.security.web.authentication.ui.DefaultLoginPageGeneratingFilter@4c5fde13, org.springframework.security.web.authentication.ui.DefaultLogoutPageGeneratingFilter@762b4a7c, org.springframework.security.web.authentication.www.BasicAuthenticationFilter@5935387e, org.springframework.security.web.savedrequest.RequestCacheAwareFilter@761c0ba7, org.springframework.security.web.servletapi.SecurityContextHolderAwareRequestFilter@202da0d5, org.springframework.security.web.authentication.AnonymousAuthenticationFilter@8ba6d3a, org.springframework.security.web.access.ExceptionTranslationFilter@2461c6ef, org.springframework.security.web.access.intercept.AuthorizationFilter@617f2fd9][0;39m
[2024-01-04 11:33:23 [32mINFO [0;39m restartedMain] [org.springframework.boot.devtools.autoconfigure.OptionalLiveReloadServer] [36mLiveReload server is running on port 35729[0;39m
[2024-01-04 11:33:23 [32mINFO [0;39m restartedMain] [org.apache.coyote.http11.Http11NioProtocol] [36mStarting ProtocolHandler ["http-nio-8080"][0;39m
[2024-01-04 11:33:23 [32mINFO [0;39m restartedMain] [org.springframework.boot.web.embedded.tomcat.TomcatWebServer] [36mTomcat started on port 8080 (http) with context path ''[0;39m
[2024-01-04 11:33:23 [32mINFO [0;39m restartedMain] [com.greengram.greengram4.Greengram4Application] [36mStarted Greengram4Application in 2.086 seconds (process running for 2.494)[0;39m
[2024-01-04 11:33:23 [32mINFO [0;39m http-nio-8080-exec-1] [org.apache.catalina.core.ContainerBase.[Tomcat].[localhost].[/]] [36mInitializing Spring DispatcherServlet 'dispatcherServlet'[0;39m
[2024-01-04 11:33:23 [32mINFO [0;39m http-nio-8080-exec-1] [org.springframework.web.servlet.DispatcherServlet] [36mInitializing Servlet 'dispatcherServlet'[0;39m
[2024-01-04 11:33:23 [32mINFO [0;39m http-nio-8080-exec-1] [org.springframework.web.servlet.DispatcherServlet] [36mCompleted initialization in 1 ms[0;39m
[2024-01-04 12:08:48 [32mINFO [0;39m File Watcher] [org.springframework.boot.devtools.autoconfigure.LocalDevToolsAutoConfiguration$RestartingClassPathChangeChangedEventListener] [36mRestarting due to 1 class path change (1 addition, 0 deletions, 0 modifications)[0;39m
[2024-01-04 12:08:48 [32mINFO [0;39m Thread-5] [org.apache.coyote.http11.Http11NioProtocol] [36mStopping ProtocolHandler ["http-nio-8080"][0;39m
[2024-01-04 12:08:48 [32mINFO [0;39m restartedMain] [com.greengram.greengram4.Greengram4Application] [36mStarting Greengram4Application using Java 17.0.8.1 with PID 12576 (D:\greengram4\build\classes\java\main started by Administrator in D:\greengram4)[0;39m
[2024-01-04 12:08:48 [32mINFO [0;39m restartedMain] [com.greengram.greengram4.Greengram4Application] [36mNo active profile set, falling back to 1 default profile: "default"[0;39m
[2024-01-04 12:08:48 [32mINFO [0;39m restartedMain] [org.springframework.boot.web.embedded.tomcat.TomcatWebServer] [36mTomcat initialized with port 8080 (http)[0;39m
[2024-01-04 12:08:48 [32mINFO [0;39m restartedMain] [org.apache.coyote.http11.Http11NioProtocol] [36mInitializing ProtocolHandler ["http-nio-8080"][0;39m
[2024-01-04 12:08:48 [32mINFO [0;39m restartedMain] [org.apache.catalina.core.StandardService] [36mStarting service [Tomcat][0;39m
[2024-01-04 12:08:48 [32mINFO [0;39m restartedMain] [org.apache.catalina.core.StandardEngine] [36mStarting Servlet engine: [Apache Tomcat/10.1.17][0;39m
[2024-01-04 12:08:48 [32mINFO [0;39m restartedMain] [org.apache.catalina.core.ContainerBase.[Tomcat].[localhost].[/]] [36mInitializing Spring embedded WebApplicationContext[0;39m
[2024-01-04 12:08:48 [32mINFO [0;39m restartedMain] [org.springframework.boot.web.servlet.context.ServletWebServerApplicationContext] [36mRoot WebApplicationContext: initialization completed in 259 ms[0;39m
[2024-01-04 12:08:48 [33mWARN [0;39m restartedMain] [org.springframework.boot.autoconfigure.security.servlet.UserDetailsServiceAutoConfiguration] [36m

Using generated security password: 97f9f93f-46bd-4c51-985d-7f1a68eec4c2

This generated password is for development use only. Your security configuration must be updated before running your application in production.
[0;39m
[2024-01-04 12:08:48 [32mINFO [0;39m restartedMain] [org.springframework.boot.autoconfigure.web.servlet.WelcomePageHandlerMapping] [36mAdding welcome page: class path resource [static/index.html][0;39m
[2024-01-04 12:08:48 [32mINFO [0;39m restartedMain] [org.springframework.security.web.DefaultSecurityFilterChain] [36mWill secure any request with [org.springframework.security.web.session.DisableEncodeUrlFilter@747025e4, org.springframework.security.web.context.request.async.WebAsyncManagerIntegrationFilter@37831443, org.springframework.security.web.context.SecurityContextHolderFilter@46f67945, org.springframework.security.web.header.HeaderWriterFilter@7c7c4bbb, org.springframework.web.filter.CorsFilter@72632ec7, org.springframework.security.web.csrf.CsrfFilter@63d4b958, org.springframework.security.web.authentication.logout.LogoutFilter@41d58f66, org.springframework.security.web.authentication.UsernamePasswordAuthenticationFilter@122af1ed, org.springframework.security.web.authentication.ui.DefaultLoginPageGeneratingFilter@2fa4e06e, org.springframework.security.web.authentication.ui.DefaultLogoutPageGeneratingFilter@77b58a11, org.springframework.security.web.authentication.www.BasicAuthenticationFilter@4258e163, org.springframework.security.web.savedrequest.RequestCacheAwareFilter@2e16ba, org.springframework.security.web.servletapi.SecurityContextHolderAwareRequestFilter@319b4475, org.springframework.security.web.authentication.AnonymousAuthenticationFilter@29fce06, org.springframework.security.web.access.ExceptionTranslationFilter@14b4a60c, org.springframework.security.web.access.intercept.AuthorizationFilter@e49af36][0;39m
[2024-01-04 12:08:48 [32mINFO [0;39m restartedMain] [org.springframework.boot.devtools.autoconfigure.OptionalLiveReloadServer] [36mLiveReload server is running on port 35729[0;39m
[2024-01-04 12:08:48 [32mINFO [0;39m restartedMain] [org.apache.coyote.http11.Http11NioProtocol] [36mStarting ProtocolHandler ["http-nio-8080"][0;39m
[2024-01-04 12:08:48 [32mINFO [0;39m restartedMain] [org.springframework.boot.web.embedded.tomcat.TomcatWebServer] [36mTomcat started on port 8080 (http) with context path ''[0;39m
[2024-01-04 12:08:48 [32mINFO [0;39m restartedMain] [com.greengram.greengram4.Greengram4Application] [36mStarted Greengram4Application in 0.452 seconds (process running for 2127.923)[0;39m
[2024-01-04 12:08:48 [32mINFO [0;39m restartedMain] [org.springframework.boot.devtools.autoconfigure.ConditionEvaluationDeltaLoggingListener] [36mCondition evaluation delta:


==========================
CONDITION EVALUATION DELTA
==========================


Positive matches:
-----------------

    None


Negative matches:
-----------------

   SpringBootWebSecurityConfiguration.SecurityFilterChainConfiguration:
      Did not match:
         - AllNestedConditions 1 matched 1 did not; NestedCondition on DefaultWebSecurityCondition.Beans @ConditionalOnMissingBean (types: org.springframework.security.web.SecurityFilterChain; SearchStrategy: all) found beans of type 'org.springframework.security.web.SecurityFilterChain' filterChain; NestedCondition on DefaultWebSecurityCondition.Classes @ConditionalOnClass found required classes 'org.springframework.security.web.SecurityFilterChain', 'org.springframework.security.config.annotation.web.builders.HttpSecurity' (DefaultWebSecurityCondition)


Exclusions:
-----------

    None


Unconditional classes:
----------------------

    None


[0;39m
